# JRE version: OpenJDK Runtime Environment (8.0_152-b01) (build 1.8.0_152-release-1024-b01)
# Java VM: OpenJDK 64-Bit Server VM (25.152-b01 mixed mode linux-amd64 compressed oops)
Heap:
 PSYoungGen      total 87040K, used 7334K [0x00000000e0000000, 0x00000000e6d80000, 0x0000000100000000)
  eden space 79360K, 0% used [0x00000000e0000000,0x00000000e0000000,0x00000000e4d80000)
  from space 7680K, 95% used [0x00000000e4f00000,0x00000000e5629a60,0x00000000e5680000)
  to   space 16384K, 0% used [0x00000000e5d80000,0x00000000e5d80000,0x00000000e6d80000)
 ParOldGen       total 143872K, used 74386K [0x00000000a0000000, 0x00000000a8c80000, 0x00000000e0000000)
  object space 143872K, 51% used [0x00000000a0000000,0x00000000a48a4b50,0x00000000a8c80000)
 Metaspace       used 91407K, capacity 98234K, committed 98380K, reserved 1134592K
  class space    used 11342K, capacity 12417K, committed 12544K, reserved 1048576K
GC Heap History (10 events):
Event: 29683,830 GC heap after
Heap after GC invocations=90 (full 3):
 PSYoungGen      total 94208K, used 8596K [0x00000000e0000000, 0x00000000e7380000, 0x0000000100000000)
  eden space 85504K, 0% used [0x00000000e0000000,0x00000000e0000000,0x00000000e5380000)
  from space 8704K, 98% used [0x00000000e5500000,0x00000000e5d65320,0x00000000e5d80000)
  to   space 16384K, 0% used [0x00000000e6380000,0x00000000e6380000,0x00000000e7380000)
 ParOldGen       total 143872K, used 74258K [0x00000000a0000000, 0x00000000a8c80000, 0x00000000e0000000)
  object space 143872K, 51% used [0x00000000a0000000,0x00000000a4884b50,0x00000000a8c80000)
 Metaspace       used 90450K, capacity 97274K, committed 97496K, reserved 1134592K
  class space    used 11203K, capacity 12275K, committed 12288K, reserved 1048576K
}
Event: 29684,808 GC heap before
{Heap before GC invocations=91 (full 3):
 PSYoungGen      total 94208K, used 94100K [0x00000000e0000000, 0x00000000e7380000, 0x0000000100000000)
  eden space 85504K, 100% used [0x00000000e0000000,0x00000000e5380000,0x00000000e5380000)
  from space 8704K, 98% used [0x00000000e5500000,0x00000000e5d65320,0x00000000e5d80000)
  to   space 16384K, 0% used [0x00000000e6380000,0x00000000e6380000,0x00000000e7380000)
 ParOldGen       total 143872K, used 74258K [0x00000000a0000000, 0x00000000a8c80000, 0x00000000e0000000)
  object space 143872K, 51% used [0x00000000a0000000,0x00000000a4884b50,0x00000000a8c80000)
 Metaspace       used 90472K, capacity 97278K, committed 97496K, reserved 1134592K
  class space    used 11203K, capacity 12275K, committed 12288K, reserved 1048576K
Event: 29684,831 GC heap after
Heap after GC invocations=91 (full 3):
 PSYoungGen      total 100352K, used 12839K [0x00000000e0000000, 0x00000000e7400000, 0x0000000100000000)
  eden space 83968K, 0% used [0x00000000e0000000,0x00000000e0000000,0x00000000e5200000)
  from space 16384K, 78% used [0x00000000e6380000,0x00000000e7009f80,0x00000000e7380000)
  to   space 17408K, 0% used [0x00000000e5200000,0x00000000e5200000,0x00000000e6300000)
 ParOldGen       total 143872K, used 74298K [0x00000000a0000000, 0x00000000a8c80000, 0x00000000e0000000)
  object space 143872K, 51% used [0x00000000a0000000,0x00000000a488eb50,0x00000000a8c80000)
 Metaspace       used 90472K, capacity 97278K, committed 97496K, reserved 1134592K
  class space    used 11203K, capacity 12275K, committed 12288K, reserved 1048576K
}
Event: 31981,402 GC heap before
{Heap before GC invocations=92 (full 3):
 PSYoungGen      total 100352K, used 96807K [0x00000000e0000000, 0x00000000e7400000, 0x0000000100000000)
  eden space 83968K, 100% used [0x00000000e0000000,0x00000000e5200000,0x00000000e5200000)
  from space 16384K, 78% used [0x00000000e6380000,0x00000000e7009f80,0x00000000e7380000)
  to   space 17408K, 0% used [0x00000000e5200000,0x00000000e5200000,0x00000000e6300000)
 ParOldGen       total 143872K, used 74298K [0x00000000a0000000, 0x00000000a8c80000, 0x00000000e0000000)
  object space 143872K, 51% used [0x00000000a0000000,0x00000000a488eb50,0x00000000a8c80000)
 Metaspace       used 90484K, capacity 97278K, committed 97496K, reserved 1134592K
  class space    used 11203K, capacity 12275K, committed 12288K, reserved 1048576K
Event: 31981,443 GC heap after
Heap after GC invocations=92 (full 3):
 PSYoungGen      total 93184K, used 10644K [0x00000000e0000000, 0x00000000e7280000, 0x0000000100000000)
  eden space 82432K, 0% used [0x00000000e0000000,0x00000000e0000000,0x00000000e5080000)
  from space 10752K, 99% used [0x00000000e5200000,0x00000000e5c65320,0x00000000e5c80000)
  to   space 17408K, 0% used [0x00000000e6180000,0x00000000e6180000,0x00000000e7280000)
 ParOldGen       total 143872K, used 74330K [0x00000000a0000000, 0x00000000a8c80000, 0x00000000e0000000)
  object space 143872K, 51% used [0x00000000a0000000,0x00000000a4896b50,0x00000000a8c80000)
 Metaspace       used 90484K, capacity 97278K, committed 97496K, reserved 1134592K
  class space    used 11203K, capacity 12275K, committed 12288K, reserved 1048576K
}
Event: 35679,077 GC heap before
{Heap before GC invocations=93 (full 3):
 PSYoungGen      total 93184K, used 93076K [0x00000000e0000000, 0x00000000e7280000, 0x0000000100000000)
  eden space 82432K, 100% used [0x00000000e0000000,0x00000000e5080000,0x00000000e5080000)
  from space 10752K, 99% used [0x00000000e5200000,0x00000000e5c65320,0x00000000e5c80000)
  to   space 17408K, 0% used [0x00000000e6180000,0x00000000e6180000,0x00000000e7280000)
 ParOldGen       total 143872K, used 74330K [0x00000000a0000000, 0x00000000a8c80000, 0x00000000e0000000)
  object space 143872K, 51% used [0x00000000a0000000,0x00000000a4896b50,0x00000000a8c80000)
 Metaspace       used 90491K, capacity 97278K, committed 97496K, reserved 1134592K
  class space    used 11203K, capacity 12275K, committed 12288K, reserved 1048576K
Event: 35679,104 GC heap after
Heap after GC invocations=93 (full 3):
 PSYoungGen      total 95744K, used 6016K [0x00000000e0000000, 0x00000000e7000000, 0x0000000100000000)
  eden space 80896K, 0% used [0x00000000e0000000,0x00000000e0000000,0x00000000e4f00000)
  from space 14848K, 40% used [0x00000000e6180000,0x00000000e6760010,0x00000000e7000000)
  to   space 16896K, 0% used [0x00000000e4f00000,0x00000000e4f00000,0x00000000e5f80000)
 ParOldGen       total 143872K, used 74362K [0x00000000a0000000, 0x00000000a8c80000, 0x00000000e0000000)
  object space 143872K, 51% used [0x00000000a0000000,0x00000000a489eb50,0x00000000a8c80000)
 Metaspace       used 90491K, capacity 97278K, committed 97496K, reserved 1134592K
  class space    used 11203K, capacity 12275K, committed 12288K, reserved 1048576K
}
Event: 37315,229 GC heap before
{Heap before GC invocations=94 (full 3):
 PSYoungGen      total 95744K, used 39329K [0x00000000e0000000, 0x00000000e7000000, 0x0000000100000000)
  eden space 80896K, 41% used [0x00000000e0000000,0x00000000e2088538,0x00000000e4f00000)
  from space 14848K, 40% used [0x00000000e6180000,0x00000000e6760010,0x00000000e7000000)
  to   space 16896K, 0% used [0x00000000e4f00000,0x00000000e4f00000,0x00000000e5f80000)
 ParOldGen       total 143872K, used 74362K [0x00000000a0000000, 0x00000000a8c80000, 0x00000000e0000000)
  object space 143872K, 51% used [0x00000000a0000000,0x00000000a489eb50,0x00000000a8c80000)
 Metaspace       used 91407K, capacity 98234K, committed 98380K, reserved 1134592K
  class space    used 11342K, capacity 12417K, committed 12544K, reserved 1048576K
Event: 37315,286 GC heap after
Heap after GC invocations=94 (full 3):
 PSYoungGen      total 87040K, used 7334K [0x00000000e0000000, 0x00000000e6d80000, 0x0000000100000000)
  eden space 79360K, 0% used [0x00000000e0000000,0x00000000e0000000,0x00000000e4d80000)
  from space 7680K, 95% used [0x00000000e4f00000,0x00000000e5629a60,0x00000000e5680000)
  to   space 16384K, 0% used [0x00000000e5d80000,0x00000000e5d80000,0x00000000e6d80000)
 ParOldGen       total 143872K, used 74386K [0x00000000a0000000, 0x00000000a8c80000, 0x00000000e0000000)
  object space 143872K, 51% used [0x00000000a0000000,0x00000000a48a4b50,0x00000000a8c80000)
 Metaspace       used 91407K, capacity 98234K, committed 98380K, reserved 1134592K
  class space    used 11342K, capacity 12417K, committed 12544K, reserved 1048576K
}
Event: 37315,286 GC heap before
{Heap before GC invocations=95 (full 4):
 PSYoungGen      total 87040K, used 7334K [0x00000000e0000000, 0x00000000e6d80000, 0x0000000100000000)
  eden space 79360K, 0% used [0x00000000e0000000,0x00000000e0000000,0x00000000e4d80000)
  from space 7680K, 95% used [0x00000000e4f00000,0x00000000e5629a60,0x00000000e5680000)
  to   space 16384K, 0% used [0x00000000e5d80000,0x00000000e5d80000,0x00000000e6d80000)
 ParOldGen       total 143872K, used 74386K [0x00000000a0000000, 0x00000000a8c80000, 0x00000000e0000000)
  object space 143872K, 51% used [0x00000000a0000000,0x00000000a48a4b50,0x00000000a8c80000)
 Metaspace       used 91407K, capacity 98234K, committed 98380K, reserved 1134592K
  class space    used 11342K, capacity 12417K, committed 12544K, reserved 1048576K

